  GEN     ./Makefile
scripts/kconfig/conf  --silentoldconfig Kconfig
  CHK     include/config/kernel.release
  UPD     include/config/kernel.release
  GEN     ./Makefile
  CHK     include/generated/uapi/linux/version.h
  CHK     include/generated/utsrelease.h
  UPD     include/generated/utsrelease.h
  Using .. as source for kernel
  CHK     scripts/mod/devicetable-offsets.h
  CHK     include/generated/timeconst.h
  CHK     include/generated/bounds.h
  CHK     include/generated/asm-offsets.h
  CALL    ../scripts/checksyscalls.sh
  CHK     include/generated/compile.h
  CC      init/version.o
-- Did you know you can backport path_umount to fs/namespace.c from 5.9?
-- Read: https://kernelsu.org/guide/how-to-integrate-for-non-gki.html#how-to-backport-path-umount
  AR      init/built-in.o
  CC      kernel/sys.o
  CC      kernel/module.o
  CHK     kernel/config_data.h
  CC      drivers/base/firmware_class.o
  AR      kernel/built-in.o
  AR      drivers/base/built-in.o
  DTC     arch/arm64/boot/dts/qcom/cust-atoll-ab.dtb
  DTC     arch/arm64/boot/dts/qcom/curtana-atoll-ab-idp-overlay.dtbo
  DTC     arch/arm64/boot/dts/qcom/excalibur-atoll-ab-idp-overlay.dtbo
  DTC     arch/arm64/boot/dts/qcom/gram-atoll-ab-idp-overlay.dtbo
  DTC     arch/arm64/boot/dts/qcom/joyeuse-atoll-ab-idp-overlay.dtbo
  CC      net/wireguard/main.o
  DTBOIMG arch/arm64/boot/dtbo.img
  CC      net/wireguard/noise.o
  DTC     arch/arm64/boot/dts/qcom/cust-atoll-ab.dtb
  CC      net/wireguard/device.o
  CC      net/wireguard/peer.o
  CAT     arch/arm64/boot/dtb.img
  CC      net/wireguard/timers.o
  CC      net/wireguard/queueing.o
  CC      net/wireguard/send.o
  CC      net/wireguard/receive.o
  CC      net/wireguard/socket.o
  CC      net/wireguard/peerlookup.o
  CC      net/wireguard/allowedips.o
  CC      net/wireguard/ratelimiter.o
  CC      net/wireguard/cookie.o
  CC      net/wireguard/netlink.o
  CC      net/wireguard/crypto/zinc/chacha20/chacha20.o
  CC      net/wireguard/crypto/zinc/poly1305/poly1305.o
-- Did you know you can backport path_umount to fs/namespace.c from 5.9?
-- Read: https://kernelsu.org/guide/how-to-integrate-for-non-gki.html#how-to-backport-path-umount
  CC      net/wireguard/crypto/zinc/chacha20poly1305.o
  CC      net/wireguard/crypto/zinc/blake2s/blake2s.o
  CC      net/wireguard/crypto/zinc/curve25519/curve25519.o
  AR      net/wireguard/wireguard.o
  AR      net/wireguard/built-in.o
  AR      net/built-in.o
  AR      drivers/built-in.o
  GEN     .version
  CHK     include/generated/compile.h
  UPD     include/generated/compile.h
  CC      init/version.o
  AR      init/built-in.o
  AR      built-in.o
  LTO     vmlinux.o
  MODPOST vmlinux.o
  KSYM    .tmp_kallsyms1.o
  KSYM    .tmp_kallsyms2.o
  LD      vmlinux
  SORTEX  vmlinux
  SYSMAP  System.map
  OBJCOPY arch/arm64/boot/Image
  Building modules, stage 2.
  MODPOST 0 modules
  GZIP    arch/arm64/boot/Image.gz
